<?xml version="1.0" encoding="UTF-8"?>
<!-- Generated by org.testng.reporters.JUnitReportReporter -->
<testsuite skipped="0" hostname="DESKTOP-MJPOJ60" name="org.utility.Implementation" tests="1" failures="0" timestamp="23 Aug 2022 10:33:51 GMT" time="13.750" errors="0">
  <testcase name="test1" time="13.750" classname="org.utility.Implementation"/>
</testsuite> <!-- org.utility.Implementation -->
